\BOOKMARK [1][-]{section.1}{\376\377\176\352\213\272}{}% 1
\BOOKMARK [2][-]{subsection.1.1}{\376\377\170\024\172\166\200\314\146\157\116\016\141\017\116\111}{section.1}% 2
\BOOKMARK [2][-]{subsection.1.2}{\376\377\170\024\172\166\166\356\166\204}{section.1}% 3
\BOOKMARK [2][-]{subsection.1.3}{\376\377\170\024\172\166\121\205\133\271}{section.1}% 4
\BOOKMARK [2][-]{subsection.1.4}{\376\377\126\375\121\205\131\026\170\024\172\166\163\260\162\266}{section.1}% 5
\BOOKMARK [3][-]{subsubsection.1.4.1}{\376\377\126\375\131\026\170\024\172\166\163\260\162\266}{subsection.1.4}% 6
\BOOKMARK [3][-]{subsubsection.1.4.2}{\376\377\126\375\121\205\170\024\172\166\163\260\162\266}{subsection.1.4}% 7
\BOOKMARK [2][-]{subsection.1.5}{\376\377\147\054\172\340\134\017\176\323}{section.1}% 8
\BOOKMARK [1][-]{section.2}{\376\377\166\370\121\163\135\345\117\134}{}% 9
\BOOKMARK [2][-]{subsection.2.1}{\376\377\142\200\147\057\221\307\176\263\164\006\213\272}{section.2}% 10
\BOOKMARK [2][-]{subsection.2.2}{\376\377\131\015\147\102\177\121\176\334\127\050\121\234\116\032\170\024\172\166\116\055\166\204\136\224\165\050}{section.2}% 11
\BOOKMARK [2][-]{subsection.2.3}{\376\377\137\072\123\026\133\146\116\140\127\050\121\263\173\126\117\030\123\026\116\055\166\204\136\224\165\050}{section.2}% 12
\BOOKMARK [2][-]{subsection.2.4}{\376\377\147\054\172\340\134\017\176\323}{section.2}% 13
\BOOKMARK [1][-]{section.3}{\376\377\152\041\127\213\116\016\145\271\154\325}{}% 14
\BOOKMARK [2][-]{subsection.3.1}{\376\377\152\041\127\213\150\106\147\266}{section.3}% 15
\BOOKMARK [2][-]{subsection.3.2}{\376\377\123\314\146\362\121\340\117\125\177\121\176\334\147\204\136\372}{section.3}% 16
\BOOKMARK [3][-]{subsubsection.3.2.1}{\376\377\123\314\146\362\215\335\171\273}{subsection.3.2}% 17
\BOOKMARK [3][-]{subsubsection.3.2.2}{\376\377\217\336\217\271\151\202\163\207}{subsection.3.2}% 18
\BOOKMARK [3][-]{subsubsection.3.2.3}{\376\377\136\246\122\006\136\003}{subsection.3.2}% 19
\BOOKMARK [2][-]{subsection.3.3}{\376\377\200\025\127\060\215\050\221\317\122\250\122\233\133\146}{section.3}% 20
\BOOKMARK [3][-]{subsubsection.3.3.1}{\376\377\116\011\176\364\215\050\221\317\152\041\127\213}{subsection.3.3}% 21
\BOOKMARK [2][-]{subsection.3.4}{\376\377\000T\000P\000B\121\263\173\126\152\041\127\213}{section.3}% 22
\BOOKMARK [2][-]{subsection.3.5}{\376\377\220\076\156\027\166\370\123\330\122\006\147\220}{section.3}% 23
\BOOKMARK [3][-]{subsubsection.3.5.1}{\376\377\136\217\123\302\145\160}{subsection.3.5}% 24
\BOOKMARK [3][-]{subsubsection.3.5.2}{\376\377\116\064\165\114\226\010\120\074}{subsection.3.5}% 25
\BOOKMARK [2][-]{subsection.3.6}{\376\377\155\361\136\246\137\072\123\026\133\146\116\140\117\030\123\026}{section.3}% 26
\BOOKMARK [3][-]{subsubsection.3.6.1}{\376\377\162\266\140\001\172\172\225\364}{subsection.3.6}% 27
\BOOKMARK [3][-]{subsubsection.3.6.2}{\376\377\131\126\122\261\121\375\145\160}{subsection.3.6}% 28
\BOOKMARK [3][-]{subsubsection.3.6.3}{\376\377\000D\000Q\000N\173\227\154\325}{subsection.3.6}% 29
\BOOKMARK [2][-]{subsection.3.7}{\376\377\147\054\172\340\134\017\176\323}{section.3}% 30
\BOOKMARK [1][-]{section.4}{\376\377\133\236\232\214\213\276\213\241\116\016\176\323\147\234\122\006\147\220}{}% 31
\BOOKMARK [2][-]{subsection.4.1}{\376\377\133\236\232\214\213\276\213\241}{section.4}% 32
\BOOKMARK [3][-]{subsubsection.4.1.1}{\376\377\145\160\143\156\165\037\142\020}{subsection.4.1}% 33
\BOOKMARK [3][-]{subsubsection.4.1.2}{\376\377\133\236\232\214\213\276\177\156}{subsection.4.1}% 34
\BOOKMARK [3][-]{subsubsection.4.1.3}{\376\377\213\304\117\060\143\007\150\007}{subsection.4.1}% 35
\BOOKMARK [2][-]{subsection.4.2}{\376\377\145\077\173\126\116\064\165\114\226\010\120\074\122\006\147\220}{section.4}% 36
\BOOKMARK [2][-]{subsection.4.3}{\376\377\177\121\176\334\176\323\147\204\137\161\124\315\122\006\147\220}{section.4}% 37
\BOOKMARK [2][-]{subsection.4.4}{\376\377\000H\000u\000b\202\202\160\271\145\110\136\224\122\006\147\220}{section.4}% 38
\BOOKMARK [2][-]{subsection.4.5}{\376\377\137\072\123\026\133\146\116\140\117\030\123\026\145\110\147\234}{section.4}% 39
\BOOKMARK [2][-]{subsection.4.6}{\376\377\142\151\145\143\145\366\225\364\122\006\147\220}{section.4}% 40
\BOOKMARK [2][-]{subsection.4.7}{\376\377\147\054\172\340\134\017\176\323}{section.4}% 41
\BOOKMARK [1][-]{section.5}{\376\377\176\323\213\272}{}% 42
